\BOOKMARK [0][-]{chapter*.2}{Introduction}{}% 1
\BOOKMARK [0][-]{chapter.1}{Introduction}{}% 2
\BOOKMARK [0][-]{chapter.2}{Axioms}{}% 3
\BOOKMARK [0][-]{chapter.3}{Definitions}{}% 4
\BOOKMARK [0][-]{chapter.4}{Conditional Probability}{}% 5
\BOOKMARK [0][-]{chapter.5}{Distributions}{}% 6
\BOOKMARK [0][-]{chapter.6}{Two Dice}{}% 7
\BOOKMARK [1][-]{section.6.1}{Sum of Independent Random Variables}{chapter.6}% 8
\BOOKMARK [0][-]{chapter.7}{Random Numbers}{}% 9
\BOOKMARK [1][-]{section.7.1}{Uniform Random Numbers}{chapter.7}% 10
\BOOKMARK [1][-]{section.7.2}{Central Limit Theorem}{chapter.7}% 11
\BOOKMARK [1][-]{section.7.3}{From Uniform to Other}{chapter.7}% 12
\BOOKMARK [1][-]{section.7.4}{Triangular Distribution}{chapter.7}% 13
\BOOKMARK [0][-]{chapter.8}{Maximum Likelihood Detection: BPSK}{}% 14
\BOOKMARK [1][-]{section.8.1}{Maximum Likelihood}{chapter.8}% 15
\BOOKMARK [0][-]{chapter.9}{Transformation of Random Variables}{}% 16
\BOOKMARK [1][-]{section.9.1}{Gaussian to Other}{chapter.9}% 17
\BOOKMARK [1][-]{section.9.2}{Conditional Probability}{chapter.9}% 18
\BOOKMARK [0][-]{chapter.10}{Bivariate Random Variables: FSK}{}% 19
\BOOKMARK [1][-]{section.10.1}{Two Dimensions}{chapter.10}% 20
\BOOKMARK [0][-]{chapter.11}{Exercises}{}% 21
\BOOKMARK [1][-]{section.11.1}{BPSK}{chapter.11}% 22
\BOOKMARK [1][-]{section.11.2}{Coherent BFSK}{chapter.11}% 23
\BOOKMARK [1][-]{section.11.3}{QPSK}{chapter.11}% 24
\BOOKMARK [1][-]{section.11.4}{M-PSK}{chapter.11}% 25
\BOOKMARK [1][-]{section.11.5}{Noncoherent BFSK}{chapter.11}% 26
\BOOKMARK [1][-]{section.11.6}{Craig's Formula and MGF}{chapter.11}% 27
\BOOKMARK [0][-]{appendix.A}{ Z-transform}{}% 28
