This is pdfTeX, Version 3.141592653-2.6-1.40.24 (TeX Live 2022/Debian) (preloaded format=pdflatex 2023.8.25)  26 AUG 2023 09:16
entering extended mode
 restricted \write18 enabled.
 %&-line parsing enabled.
**main.
(/usr/share/texlive/texmf-dist/tex/latex/tools/x.tex
LaTeX2e <2022-11-01> patch level 1
L3 programming layer <2023-01-16>
! .
l.38   \batchmode \errmessage{}
                               \csname @@end\endcsname \end
This error message was generated by an \errmessage
command, so I can't give any explicit help.
Pretend that you're Hercule Poirot: Examine all clues,
and deduce the truth by order and method.

 ) 
Here is how much of TeX's memory you used:
 19 strings out of 476091
 507 string characters out of 5794081
 1849330 words of memory out of 5000000
 20499 multiletter control sequences out of 15000+600000
 512287 words of font info for 32 fonts, out of 8000000 for 9000
 1141 hyphenation exceptions out of 8191
 13i,0n,12p,85b,10s stack positions out of 10000i,1000n,20000p,200000b,200000s

No pages of output.
PDF statistics:
 0 PDF objects out of 1000 (max. 8388607)
 0 named destinations out of 1000 (max. 500000)
 1 words of extra memory for PDF output out of 10000 (max. 10000000)

